<?xml version="1.0" encoding="UTF-8"?>
<!-- Generated by org.testng.reporters.JUnitReportReporter -->
<testsuite hostname="DESKTOP-0UE9EKQ" failures="0" tests="70" name="testBase.LandingPageTest" time="0.059" errors="0" timestamp="2025-05-19T15:12:34 IST" skipped="70">
  <testcase classname="testBase.LandingPageTest" name="userMenuDropdownIsClickable" time="0.001">
    <skipped/>
  </testcase> <!-- userMenuDropdownIsClickable -->
  <testcase classname="testBase.LandingPageTest" name="targetListsTabIsClickable" time="0.000">
    <skipped/>
  </testcase> <!-- targetListsTabIsClickable -->
  <testcase classname="testBase.LandingPageTest" name="inventoryTransactionsTabIsClickable" time="0.000">
    <skipped/>
  </testcase> <!-- inventoryTransactionsTabIsClickable -->
  <testcase classname="testBase.LandingPageTest" name="tasksTabIsClickable" time="0.000">
    <skipped/>
  </testcase> <!-- tasksTabIsClickable -->
  <testcase classname="testBase.LandingPageTest" name="createProjectTaskIsClickable" time="0.001">
    <skipped/>
  </testcase> <!-- createProjectTaskIsClickable -->
  <testcase classname="testBase.LandingPageTest" name="opportunitiesMenuIsClickable" time="0.000">
    <skipped/>
  </testcase> <!-- opportunitiesMenuIsClickable -->
  <testcase classname="testBase.LandingPageTest" name="preferencesLinkIsClickable" time="0.000">
    <skipped/>
  </testcase> <!-- preferencesLinkIsClickable -->
  <testcase classname="testBase.LandingPageTest" name="menuDropdownIsClickable" time="0.000">
    <skipped/>
  </testcase> <!-- menuDropdownIsClickable -->
  <testcase classname="testBase.LandingPageTest" name="quickCreateAccountIsClickable" time="0.000">
    <skipped/>
  </testcase> <!-- quickCreateAccountIsClickable -->
  <testcase classname="testBase.LandingPageTest" name="casesTabIsClickable" time="0.000">
    <skipped/>
  </testcase> <!-- casesTabIsClickable -->
  <testcase classname="testBase.LandingPageTest" name="usersTabIsClickable" time="0.000">
    <skipped/>
  </testcase> <!-- usersTabIsClickable -->
  <testcase classname="testBase.LandingPageTest" name="quickCreateLeadIsClickable" time="0.001">
    <skipped/>
  </testcase> <!-- quickCreateLeadIsClickable -->
  <testcase classname="testBase.LandingPageTest" name="productsTabIsClickable" time="0.000">
    <skipped/>
  </testcase> <!-- productsTabIsClickable -->
  <testcase classname="testBase.LandingPageTest" name="preferencesOptionIsClickable" time="0.000">
    <skipped/>
  </testcase> <!-- preferencesOptionIsClickable -->
  <testcase classname="testBase.LandingPageTest" name="meetingsTabIsClickable" time="0.002">
    <skipped/>
  </testcase> <!-- meetingsTabIsClickable -->
  <testcase classname="testBase.LandingPageTest" name="projectsTabIsClickable" time="0.000">
    <skipped/>
  </testcase> <!-- projectsTabIsClickable -->
  <testcase classname="testBase.LandingPageTest" name="createOpportunityIsClickable" time="0.002">
    <skipped/>
  </testcase> <!-- createOpportunityIsClickable -->
  <testcase classname="testBase.LandingPageTest" name="documentsTabIsClickable" time="0.002">
    <skipped/>
  </testcase> <!-- documentsTabIsClickable -->
  <testcase classname="testBase.LandingPageTest" name="globalSearchButtonIsClickable" time="0.000">
    <skipped/>
  </testcase> <!-- globalSearchButtonIsClickable -->
  <testcase classname="testBase.LandingPageTest" name="teamsTabIsClickable" time="0.001">
    <skipped/>
  </testcase> <!-- teamsTabIsClickable -->
  <testcase classname="testBase.LandingPageTest" name="createEmailIsClickable" time="0.001">
    <skipped/>
  </testcase> <!-- createEmailIsClickable -->
  <testcase classname="testBase.LandingPageTest" name="createMeetingIsClickable" time="0.000">
    <skipped/>
  </testcase> <!-- createMeetingIsClickable -->
  <testcase classname="testBase.LandingPageTest" name="notificationsIconIsClickable" time="0.000">
    <skipped/>
  </testcase> <!-- notificationsIconIsClickable -->
  <testcase classname="testBase.LandingPageTest" name="callCenterDataTabIsClickable" time="0.000">
    <skipped/>
  </testcase> <!-- callCenterDataTabIsClickable -->
  <testcase classname="testBase.LandingPageTest" name="accountsMenuIsClickable" time="0.001">
    <skipped/>
  </testcase> <!-- accountsMenuIsClickable -->
  <testcase classname="testBase.LandingPageTest" name="globalSearchInputIsClickable" time="0.001">
    <skipped/>
  </testcase> <!-- globalSearchInputIsClickable -->
  <testcase classname="testBase.LandingPageTest" name="purchaseOrdersTabIsClickable" time="0.000">
    <skipped/>
  </testcase> <!-- purchaseOrdersTabIsClickable -->
  <testcase classname="testBase.LandingPageTest" name="calendarTabIsClickable" time="0.000">
    <skipped/>
  </testcase> <!-- calendarTabIsClickable -->
  <testcase classname="testBase.LandingPageTest" name="workingTimeCalendarsTabIsClickable" time="0.000">
    <skipped/>
  </testcase> <!-- workingTimeCalendarsTabIsClickable -->
  <testcase classname="testBase.LandingPageTest" name="adminOptionIsClickable" time="0.001">
    <skipped/>
  </testcase> <!-- adminOptionIsClickable -->
  <testcase classname="testBase.LandingPageTest" name="logoutOptionIsClickable" time="0.000">
    <skipped/>
  </testcase> <!-- logoutOptionIsClickable -->
  <testcase classname="testBase.LandingPageTest" name="contactsMenuIsClickable" time="0.004">
    <skipped/>
  </testcase> <!-- contactsMenuIsClickable -->
  <testcase classname="testBase.LandingPageTest" name="createContactIsClickable" time="0.000">
    <skipped/>
  </testcase> <!-- createContactIsClickable -->
  <testcase classname="testBase.LandingPageTest" name="mySalesTabIsClickable" time="0.000">
    <skipped/>
  </testcase> <!-- mySalesTabIsClickable -->
  <testcase classname="testBase.LandingPageTest" name="createAccountIsClickable" time="0.001">
    <skipped/>
  </testcase> <!-- createAccountIsClickable -->
  <testcase classname="testBase.LandingPageTest" name="addDashletItemIsClickable" time="0.001">
    <skipped/>
  </testcase> <!-- addDashletItemIsClickable -->
  <testcase classname="testBase.LandingPageTest" name="knowledgeBaseTabIsClickable" time="0.000">
    <skipped/>
  </testcase> <!-- knowledgeBaseTabIsClickable -->
  <testcase classname="testBase.LandingPageTest" name="adminLinkIsClickable" time="0.000">
    <skipped/>
  </testcase> <!-- adminLinkIsClickable -->
  <testcase classname="testBase.LandingPageTest" name="logoutLinkIsClickable" time="0.000">
    <skipped/>
  </testcase> <!-- logoutLinkIsClickable -->
  <testcase classname="testBase.LandingPageTest" name="notificationsButtonIsClickable" time="0.001">
    <skipped/>
  </testcase> <!-- notificationsButtonIsClickable -->
  <testcase classname="testBase.LandingPageTest" name="salesAnalyticsTabIsClickable" time="0.000">
    <skipped/>
  </testcase> <!-- salesAnalyticsTabIsClickable -->
  <testcase classname="testBase.LandingPageTest" name="salesOrdersTabIsClickable" time="0.001">
    <skipped/>
  </testcase> <!-- salesOrdersTabIsClickable -->
  <testcase classname="testBase.LandingPageTest" name="userProfileIsClickable" time="0.000">
    <skipped/>
  </testcase> <!-- userProfileIsClickable -->
  <testcase classname="testBase.LandingPageTest" name="returnOrdersTabIsClickable" time="0.000">
    <skipped/>
  </testcase> <!-- returnOrdersTabIsClickable -->
  <testcase classname="testBase.LandingPageTest" name="deliveryOrdersTabIsClickable" time="0.000">
    <skipped/>
  </testcase> <!-- deliveryOrdersTabIsClickable -->
  <testcase classname="testBase.LandingPageTest" name="activeTabIsClickable" time="0.000">
    <skipped/>
  </testcase> <!-- activeTabIsClickable -->
  <testcase classname="testBase.LandingPageTest" name="warehousesTabIsClickable" time="0.016">
    <skipped/>
  </testcase> <!-- warehousesTabIsClickable -->
  <testcase classname="testBase.LandingPageTest" name="globalStreamTabIsClickable" time="0.000">
    <skipped/>
  </testcase> <!-- globalStreamTabIsClickable -->
  <testcase classname="testBase.LandingPageTest" name="myHomepageTabIsClickable" time="0.000">
    <skipped/>
  </testcase> <!-- myHomepageTabIsClickable -->
  <testcase classname="testBase.LandingPageTest" name="campaignsTabIsClickable" time="0.000">
    <skipped/>
  </testcase> <!-- campaignsTabIsClickable -->
  <testcase classname="testBase.LandingPageTest" name="editDashboardItemIsClickable" time="0.000">
    <skipped/>
  </testcase> <!-- editDashboardItemIsClickable -->
  <testcase classname="testBase.LandingPageTest" name="aboutLinkIsClickable" time="0.000">
    <skipped/>
  </testcase> <!-- aboutLinkIsClickable -->
  <testcase classname="testBase.LandingPageTest" name="createTaskIsClickable" time="0.005">
    <skipped/>
  </testcase> <!-- createTaskIsClickable -->
  <testcase classname="testBase.LandingPageTest" name="inventoryAdjustmentsTabIsClickable" time="0.000">
    <skipped/>
  </testcase> <!-- inventoryAdjustmentsTabIsClickable -->
  <testcase classname="testBase.LandingPageTest" name="reportsTabIsClickable" time="0.000">
    <skipped/>
  </testcase> <!-- reportsTabIsClickable -->
  <testcase classname="testBase.LandingPageTest" name="moreDropdownIsClickable" time="0.001">
    <skipped/>
  </testcase> <!-- moreDropdownIsClickable -->
  <testcase classname="testBase.LandingPageTest" name="quickCreateDropdownIsClickable" time="0.000">
    <skipped/>
  </testcase> <!-- quickCreateDropdownIsClickable -->
  <testcase classname="testBase.LandingPageTest" name="streamTabIsClickable" time="0.000">
    <skipped/>
  </testcase> <!-- streamTabIsClickable -->
  <testcase classname="testBase.LandingPageTest" name="emailsTabIsClickable" time="0.000">
    <skipped/>
  </testcase> <!-- emailsTabIsClickable -->
  <testcase classname="testBase.LandingPageTest" name="createCaseIsClickable" time="0.001">
    <skipped/>
  </testcase> <!-- createCaseIsClickable -->
  <testcase classname="testBase.LandingPageTest" name="quotesTabIsClickable" time="0.000">
    <skipped/>
  </testcase> <!-- quotesTabIsClickable -->
  <testcase classname="testBase.LandingPageTest" name="leadsMenuIsClickable" time="0.000">
    <skipped/>
  </testcase> <!-- leadsMenuIsClickable -->
  <testcase classname="testBase.LandingPageTest" name="inventoryNumbersTabIsClickable" time="0.000">
    <skipped/>
  </testcase> <!-- inventoryNumbersTabIsClickable -->
  <testcase classname="testBase.LandingPageTest" name="createCallIsClickable" time="0.000">
    <skipped/>
  </testcase> <!-- createCallIsClickable -->
  <testcase classname="testBase.LandingPageTest" name="callsTabIsClickable" time="0.014">
    <skipped/>
  </testcase> <!-- callsTabIsClickable -->
  <testcase classname="testBase.LandingPageTest" name="homeMenuIsClickable" time="0.000">
    <skipped/>
  </testcase> <!-- homeMenuIsClickable -->
  <testcase classname="testBase.LandingPageTest" name="salesManagerTabIsClickable" time="0.000">
    <skipped/>
  </testcase> <!-- salesManagerTabIsClickable -->
  <testcase classname="testBase.LandingPageTest" name="quickCreateDropdown1IsClickable" time="0.000">
    <skipped/>
  </testcase> <!-- quickCreateDropdown1IsClickable -->
  <testcase classname="testBase.LandingPageTest" name="dropdownButtonIsClickable" time="0.000">
    <skipped/>
  </testcase> <!-- dropdownButtonIsClickable -->
  <testcase classname="testBase.LandingPageTest" name="createLeadIsClickable" time="0.000">
    <skipped/>
  </testcase> <!-- createLeadIsClickable -->
</testsuite> <!-- testBase.LandingPageTest -->
