<?xml version="1.0" encoding="UTF-8"?>
<!-- Generated by org.testng.reporters.JUnitReportReporter -->
<testsuite hostname="DESKTOP-0UE9EKQ" failures="0" tests="69" name="testBase.AccountPageTest" time="0.010" errors="0" timestamp="2025-04-21T12:19:24 IST" skipped="69">
  <testcase classname="testBase.AccountPageTest" name="accountsMenuIsClickable" time="0.001">
    <skipped/>
  </testcase> <!-- accountsMenuIsClickable -->
  <testcase classname="testBase.AccountPageTest" name="testToggleCityColumn" time="0.000">
    <skipped/>
  </testcase> <!-- testToggleCityColumn -->
  <testcase classname="testBase.AccountPageTest" name="testToggleIndustryColumn" time="0.001">
    <skipped/>
  </testcase> <!-- testToggleIndustryColumn -->
  <testcase classname="testBase.AccountPageTest" name="typeFilterOptionIsClickable" time="0.000">
    <skipped/>
  </testcase> <!-- typeFilterOptionIsClickable -->
  <testcase classname="testBase.AccountPageTest" name="testClickAssignedUserClear" time="0.001">
    <skipped/>
  </testcase> <!-- testClickAssignedUserClear -->
  <testcase classname="testBase.AccountPageTest" name="targetListsFilterOptionIsClickable" time="0.000">
    <skipped/>
  </testcase> <!-- targetListsFilterOptionIsClickable -->
  <testcase classname="testBase.AccountPageTest" name="filterOptionAllIsSelectable" time="0.000">
    <skipped/>
  </testcase> <!-- filterOptionAllIsSelectable -->
  <testcase classname="testBase.AccountPageTest" name="createdAtFilterOptionIsClickable" time="0.000">
    <skipped/>
  </testcase> <!-- createdAtFilterOptionIsClickable -->
  <testcase classname="testBase.AccountPageTest" name="testEnterShippingCountry" time="0.000">
    <skipped/>
  </testcase> <!-- testEnterShippingCountry -->
  <testcase classname="testBase.AccountPageTest" name="filterOptionStarredIsSelectable" time="0.000">
    <skipped/>
  </testcase> <!-- filterOptionStarredIsSelectable -->
  <testcase classname="testBase.AccountPageTest" name="testClickTeamSelectButton" time="0.000">
    <skipped/>
  </testcase> <!-- testClickTeamSelectButton -->
  <testcase classname="testBase.AccountPageTest" name="testEnterTeam" time="0.000">
    <skipped/>
  </testcase> <!-- testEnterTeam -->
  <testcase classname="testBase.AccountPageTest" name="filterOptionRecentlyCreatedIsSelectable" time="0.000">
    <skipped/>
  </testcase> <!-- filterOptionRecentlyCreatedIsSelectable -->
  <testcase classname="testBase.AccountPageTest" name="testEnterPhone" time="0.000">
    <skipped/>
  </testcase> <!-- testEnterPhone -->
  <testcase classname="testBase.AccountPageTest" name="testEnterShippingState" time="0.002">
    <skipped/>
  </testcase> <!-- testEnterShippingState -->
  <testcase classname="testBase.AccountPageTest" name="modifiedAtFilterOptionIsClickable" time="0.000">
    <skipped/>
  </testcase> <!-- modifiedAtFilterOptionIsClickable -->
  <testcase classname="testBase.AccountPageTest" name="testClickCancelButton" time="0.001">
    <skipped/>
  </testcase> <!-- testClickCancelButton -->
  <testcase classname="testBase.AccountPageTest" name="testEnterBillingCity" time="0.000">
    <skipped/>
  </testcase> <!-- testEnterBillingCity -->
  <testcase classname="testBase.AccountPageTest" name="testClickAssignedUserSelect" time="0.000">
    <skipped/>
  </testcase> <!-- testClickAssignedUserSelect -->
  <testcase classname="testBase.AccountPageTest" name="followedCheckboxIsChecked" time="0.000">
    <skipped/>
  </testcase> <!-- followedCheckboxIsChecked -->
  <testcase classname="testBase.AccountPageTest" name="onlyMyCheckboxIsChecked" time="0.000">
    <skipped/>
  </testcase> <!-- onlyMyCheckboxIsChecked -->
  <testcase classname="testBase.AccountPageTest" name="testEnterEmail" time="0.000">
    <skipped/>
  </testcase> <!-- testEnterEmail -->
  <testcase classname="testBase.AccountPageTest" name="testPaginationNextClick" time="0.000">
    <skipped/>
  </testcase> <!-- testPaginationNextClick -->
  <testcase classname="testBase.AccountPageTest" name="phoneFilterOptionIsClickable" time="0.001">
    <skipped/>
  </testcase> <!-- phoneFilterOptionIsClickable -->
  <testcase classname="testBase.AccountPageTest" name="testClickSaveAndContinueButton" time="0.000">
    <skipped/>
  </testcase> <!-- testClickSaveAndContinueButton -->
  <testcase classname="testBase.AccountPageTest" name="emailFilterOptionIsClickable" time="0.000">
    <skipped/>
  </testcase> <!-- emailFilterOptionIsClickable -->
  <testcase classname="testBase.AccountPageTest" name="testPhoneTypeDropdownVisibility" time="0.000">
    <skipped/>
  </testcase> <!-- testPhoneTypeDropdownVisibility -->
  <testcase classname="testBase.AccountPageTest" name="searchButtonIsClickable" time="0.000">
    <skipped/>
  </testcase> <!-- searchButtonIsClickable -->
  <testcase classname="testBase.AccountPageTest" name="testHeaderTitleVisibility" time="0.000">
    <skipped/>
  </testcase> <!-- testHeaderTitleVisibility -->
  <testcase classname="testBase.AccountPageTest" name="countryFilterOptionIsClickable" time="0.000">
    <skipped/>
  </testcase> <!-- countryFilterOptionIsClickable -->
  <testcase classname="testBase.AccountPageTest" name="createdByFilterOptionIsClickable" time="0.000">
    <skipped/>
  </testcase> <!-- createdByFilterOptionIsClickable -->
  <testcase classname="testBase.AccountPageTest" name="testEnterWebsite" time="0.000">
    <skipped/>
  </testcase> <!-- testEnterWebsite -->
  <testcase classname="testBase.AccountPageTest" name="addFilterDropdownIsClickable" time="0.001">
    <skipped/>
  </testcase> <!-- addFilterDropdownIsClickable -->
  <testcase classname="testBase.AccountPageTest" name="testEnterDescription" time="0.000">
    <skipped/>
  </testcase> <!-- testEnterDescription -->
  <testcase classname="testBase.AccountPageTest" name="testEnterAssignedUser" time="0.001">
    <skipped/>
  </testcase> <!-- testEnterAssignedUser -->
  <testcase classname="testBase.AccountPageTest" name="testEnterShippingStreet" time="0.000">
    <skipped/>
  </testcase> <!-- testEnterShippingStreet -->
  <testcase classname="testBase.AccountPageTest" name="createAccountButtonIsClickable" time="0.000">
    <skipped/>
  </testcase> <!-- createAccountButtonIsClickable -->
  <testcase classname="testBase.AccountPageTest" name="testEnterBillingPostalCode" time="0.000">
    <skipped/>
  </testcase> <!-- testEnterBillingPostalCode -->
  <testcase classname="testBase.AccountPageTest" name="testToggleTypeColumn" time="0.000">
    <skipped/>
  </testcase> <!-- testToggleTypeColumn -->
  <testcase classname="testBase.AccountPageTest" name="testEnterBillingState" time="0.000">
    <skipped/>
  </testcase> <!-- testEnterBillingState -->
  <testcase classname="testBase.AccountPageTest" name="testClickCopyBillingButton" time="0.000">
    <skipped/>
  </testcase> <!-- testClickCopyBillingButton -->
  <testcase classname="testBase.AccountPageTest" name="resetButtonIsClickable" time="0.000">
    <skipped/>
  </testcase> <!-- resetButtonIsClickable -->
  <testcase classname="testBase.AccountPageTest" name="testEnterShippingCity" time="0.000">
    <skipped/>
  </testcase> <!-- testEnterShippingCity -->
  <testcase classname="testBase.AccountPageTest" name="testClickSaveAndNewButton" time="0.000">
    <skipped/>
  </testcase> <!-- testClickSaveAndNewButton -->
  <testcase classname="testBase.AccountPageTest" name="testEnterBillingStreet" time="0.000">
    <skipped/>
  </testcase> <!-- testEnterBillingStreet -->
  <testcase classname="testBase.AccountPageTest" name="filterAssignedUserOptionIsClickable" time="0.000">
    <skipped/>
  </testcase> <!-- filterAssignedUserOptionIsClickable -->
  <testcase classname="testBase.AccountPageTest" name="billingAddressFilterIsClickable" time="0.000">
    <skipped/>
  </testcase> <!-- billingAddressFilterIsClickable -->
  <testcase classname="testBase.AccountPageTest" name="teamsFilterOptionIsClickable" time="0.000">
    <skipped/>
  </testcase> <!-- teamsFilterOptionIsClickable -->
  <testcase classname="testBase.AccountPageTest" name="searchTextIsEnteredSuccessfully" time="0.000">
    <skipped/>
  </testcase> <!-- searchTextIsEnteredSuccessfully -->
  <testcase classname="testBase.AccountPageTest" name="testToggleCountryColumn" time="0.000">
    <skipped/>
  </testcase> <!-- testToggleCountryColumn -->
  <testcase classname="testBase.AccountPageTest" name="testClickSaveButton" time="0.000">
    <skipped/>
  </testcase> <!-- testClickSaveButton -->
  <testcase classname="testBase.AccountPageTest" name="websiteFilterIsClickable" time="0.000">
    <skipped/>
  </testcase> <!-- websiteFilterIsClickable -->
  <testcase classname="testBase.AccountPageTest" name="industryFilterOptionIsClickable" time="0.000">
    <skipped/>
  </testcase> <!-- industryFilterOptionIsClickable -->
  <testcase classname="testBase.AccountPageTest" name="filterDropdownIsClickable" time="0.000">
    <skipped/>
  </testcase> <!-- filterDropdownIsClickable -->
  <testcase classname="testBase.AccountPageTest" name="testEnterShippingPostalCode" time="0.000">
    <skipped/>
  </testcase> <!-- testEnterShippingPostalCode -->
  <testcase classname="testBase.AccountPageTest" name="testBreadcrumbsVisibility" time="0.000">
    <skipped/>
  </testcase> <!-- testBreadcrumbsVisibility -->
  <testcase classname="testBase.AccountPageTest" name="shippingAddressFilterIsClickable" time="0.001">
    <skipped/>
  </testcase> <!-- shippingAddressFilterIsClickable -->
  <testcase classname="testBase.AccountPageTest" name="testEnterName" time="0.000">
    <skipped/>
  </testcase> <!-- testEnterName -->
  <testcase classname="testBase.AccountPageTest" name="descriptionFilterOptionIsClickable" time="0.000">
    <skipped/>
  </testcase> <!-- descriptionFilterOptionIsClickable -->
  <testcase classname="testBase.AccountPageTest" name="testEnterBillingCountry" time="0.000">
    <skipped/>
  </testcase> <!-- testEnterBillingCountry -->
  <testcase classname="testBase.AccountPageTest" name="testToggleColumnResize" time="0.000">
    <skipped/>
  </testcase> <!-- testToggleColumnResize -->
  <testcase classname="testBase.AccountPageTest" name="testUnfollowActionClick">
    <skipped/>
  </testcase> <!-- testUnfollowActionClick -->
  <testcase classname="testBase.AccountPageTest" name="followActionIsClickable">
    <skipped/>
  </testcase> <!-- followActionIsClickable -->
  <testcase classname="testBase.AccountPageTest" name="exportActionIsClickable">
    <skipped/>
  </testcase> <!-- exportActionIsClickable -->
  <testcase classname="testBase.AccountPageTest" name="removeActionIsClickable">
    <skipped/>
  </testcase> <!-- removeActionIsClickable -->
  <testcase classname="testBase.AccountPageTest" name="massUpdateActionIsClickable">
    <skipped/>
  </testcase> <!-- massUpdateActionIsClickable -->
  <testcase classname="testBase.AccountPageTest" name="actionsDropdownIsClickable">
    <skipped/>
  </testcase> <!-- actionsDropdownIsClickable -->
  <testcase classname="testBase.AccountPageTest" name="testRecalculateFormulaClick">
    <skipped/>
  </testcase> <!-- testRecalculateFormulaClick -->
  <testcase classname="testBase.AccountPageTest" name="mergeActionIsClickable">
    <skipped/>
  </testcase> <!-- mergeActionIsClickable -->
</testsuite> <!-- testBase.AccountPageTest -->
