<?xml version="1.0" encoding="UTF-8"?>
<!-- Generated by org.testng.reporters.JUnitReportReporter -->
<testsuite hostname="DESKTOP-0UE9EKQ" failures="0" tests="1" name="MyProject.demo.us.espocrm.com.AppTest" time="0.023" errors="0" timestamp="2025-04-17T12:07:17 IST" skipped="0">
  <testcase classname="MyProject.demo.us.espocrm.com.AppTest" name="setupsuccess" time="0.023"/>
</testsuite> <!-- MyProject.demo.us.espocrm.com.AppTest -->
