<?xml version="1.0" encoding="UTF-8"?>
<!-- Generated by org.testng.reporters.JUnitReportReporter -->
<testsuite hostname="DESKTOP-0UE9EKQ" failures="0" tests="1" name="testBase.LoginPageTest" time="7.788" errors="0" timestamp="2025-04-18T16:35:53 IST" skipped="0">
  <testcase classname="testBase.LoginPageTest" name="loginTheEspoCRM" time="7.788"/>
</testsuite> <!-- testBase.LoginPageTest -->
